Release 13.4 - xst O.87xd (nt64)
Copyright (c) 1995-2011 Xilinx, Inc.  All rights reserved.
--> Parameter TMPDIR set to xst/projnav.tmp


Total REAL time to Xst completion: 0.00 secs
Total CPU time to Xst completion: 0.09 secs
 
--> Parameter xsthdpdir set to xst


Total REAL time to Xst completion: 0.00 secs
Total CPU time to Xst completion: 0.11 secs
 
--> Reading design: pit.prj

TABLE OF CONTENTS
  1) Synthesis Options Summary
  2) HDL Compilation
  3) Design Hierarchy Analysis
  4) HDL Analysis
  5) HDL Synthesis
     5.1) HDL Synthesis Report
  6) Advanced HDL Synthesis
     6.1) Advanced HDL Synthesis Report
  7) Low Level Synthesis
  8) Partition Report
  9) Final Report
	9.1) Device utilization summary
	9.2) Partition Resource Summary
	9.3) TIMING REPORT


=========================================================================
*                      Synthesis Options Summary                        *
=========================================================================
---- Source Parameters
Input File Name                    : "pit.prj"
Input Format                       : mixed
Ignore Synthesis Constraint File   : NO

---- Target Parameters
Output File Name                   : "pit"
Output Format                      : NGC
Target Device                      : xc3s500e-5-fg320

---- Source Options
Top Module Name                    : pit
Automatic FSM Extraction           : YES
FSM Encoding Algorithm             : Auto
Safe Implementation                : No
FSM Style                          : LUT
RAM Extraction                     : Yes
RAM Style                          : Auto
ROM Extraction                     : Yes
Mux Style                          : Auto
Decoder Extraction                 : YES
Priority Encoder Extraction        : Yes
Shift Register Extraction          : YES
Logical Shifter Extraction         : YES
XOR Collapsing                     : YES
ROM Style                          : Auto
Mux Extraction                     : Yes
Resource Sharing                   : YES
Asynchronous To Synchronous        : NO
Multiplier Style                   : Auto
Automatic Register Balancing       : No

---- Target Options
Add IO Buffers                     : YES
Global Maximum Fanout              : 100000
Add Generic Clock Buffer(BUFG)     : 24
Register Duplication               : YES
Slice Packing                      : YES
Optimize Instantiated Primitives   : NO
Use Clock Enable                   : Yes
Use Synchronous Set                : Yes
Use Synchronous Reset              : Yes
Pack IO Registers into IOBs        : Auto
Equivalent register Removal        : YES

---- General Options
Optimization Goal                  : Speed
Optimization Effort                : 1
Keep Hierarchy                     : No
Netlist Hierarchy                  : As_Optimized
RTL Output                         : Yes
Global Optimization                : AllClockNets
Read Cores                         : YES
Write Timing Constraints           : NO
Cross Clock Analysis               : NO
Hierarchy Separator                : /
Bus Delimiter                      : <>
Case Specifier                     : Maintain
Slice Utilization Ratio            : 100
BRAM Utilization Ratio             : 100
Verilog 2001                       : YES
Auto BRAM Packing                  : NO
Slice Utilization Ratio Delta      : 5

=========================================================================


=========================================================================
*                          HDL Compilation                              *
=========================================================================
Compiling vhdl file "C:/Users/superman/Documents/ecen427/SpaceInvaderTestHW2/pcores/pitimer_v1_00_a/hdl/vhdl/pitimer.vhd" in Library work.
Entity <pit> compiled.
ERROR:HDLParsers:3312 - "C:/Users/superman/Documents/ecen427/SpaceInvaderTestHW2/pcores/pitimer_v1_00_a/hdl/vhdl/pitimer.vhd" Line 192. Undefined symbol 'SLV64_ARRAY_TYPE'.
ERROR:HDLParsers:1209 - "C:/Users/superman/Documents/ecen427/SpaceInvaderTestHW2/pcores/pitimer_v1_00_a/hdl/vhdl/pitimer.vhd" Line 192. SLV64_ARRAY_TYPE: Undefined symbol (last report in this block)
ERROR:HDLParsers:3285 - "C:/Users/superman/Documents/ecen427/SpaceInvaderTestHW2/pcores/pitimer_v1_00_a/hdl/vhdl/pitimer.vhd" Line 193. No array or record type can be found that has elements of types matching the aggregate.
ERROR:HDLParsers:532 - "C:/Users/superman/Documents/ecen427/SpaceInvaderTestHW2/pcores/pitimer_v1_00_a/hdl/vhdl/pitimer.vhd" Line 192. Deferred constant are allowed only in packages.
ERROR:HDLParsers:3312 - "C:/Users/superman/Documents/ecen427/SpaceInvaderTestHW2/pcores/pitimer_v1_00_a/hdl/vhdl/pitimer.vhd" Line 205. Undefined symbol 'INTEGER_ARRAY_TYPE'.
ERROR:HDLParsers:1209 - "C:/Users/superman/Documents/ecen427/SpaceInvaderTestHW2/pcores/pitimer_v1_00_a/hdl/vhdl/pitimer.vhd" Line 205. INTEGER_ARRAY_TYPE: Undefined symbol (last report in this block)
ERROR:HDLParsers:842 - "C:/Users/superman/Documents/ecen427/SpaceInvaderTestHW2/pcores/pitimer_v1_00_a/hdl/vhdl/pitimer.vhd" Line 207. The type of the element in aggregate does not correspond to any array type.
ERROR:HDLParsers:842 - "C:/Users/superman/Documents/ecen427/SpaceInvaderTestHW2/pcores/pitimer_v1_00_a/hdl/vhdl/pitimer.vhd" Line 208. The type of the element in aggregate does not correspond to any array type.
ERROR:HDLParsers:532 - "C:/Users/superman/Documents/ecen427/SpaceInvaderTestHW2/pcores/pitimer_v1_00_a/hdl/vhdl/pitimer.vhd" Line 205. Deferred constant are allowed only in packages.
ERROR:HDLParsers:3312 - "C:/Users/superman/Documents/ecen427/SpaceInvaderTestHW2/pcores/pitimer_v1_00_a/hdl/vhdl/pitimer.vhd" Line 222. Undefined symbol 'calc_start_ce_index'.
ERROR:HDLParsers:1209 - "C:/Users/superman/Documents/ecen427/SpaceInvaderTestHW2/pcores/pitimer_v1_00_a/hdl/vhdl/pitimer.vhd" Line 222. calc_start_ce_index: Undefined symbol (last report in this block)
ERROR:HDLParsers:3312 - "C:/Users/superman/Documents/ecen427/SpaceInvaderTestHW2/pcores/pitimer_v1_00_a/hdl/vhdl/pitimer.vhd" Line 222. Undefined symbol 'IPIF_ARD_NUM_CE_ARRAY'.
ERROR:HDLParsers:1209 - "C:/Users/superman/Documents/ecen427/SpaceInvaderTestHW2/pcores/pitimer_v1_00_a/hdl/vhdl/pitimer.vhd" Line 222. IPIF_ARD_NUM_CE_ARRAY: Undefined symbol (last report in this block)
ERROR:HDLParsers:532 - "C:/Users/superman/Documents/ecen427/SpaceInvaderTestHW2/pcores/pitimer_v1_00_a/hdl/vhdl/pitimer.vhd" Line 222. Deferred constant are allowed only in packages.
ERROR:HDLParsers:3313 - "C:/Users/superman/Documents/ecen427/SpaceInvaderTestHW2/pcores/pitimer_v1_00_a/hdl/vhdl/pitimer.vhd" Line 224. Undefined symbol 'USER_SLV_CE_INDEX'.  Should it be: USER_SLV_Cs_INDEX?
ERROR:HDLParsers:1209 - "C:/Users/superman/Documents/ecen427/SpaceInvaderTestHW2/pcores/pitimer_v1_00_a/hdl/vhdl/pitimer.vhd" Line 224. USER_SLV_CE_INDEX: Undefined symbol (last report in this block)
ERROR:HDLParsers:532 - "C:/Users/superman/Documents/ecen427/SpaceInvaderTestHW2/pcores/pitimer_v1_00_a/hdl/vhdl/pitimer.vhd" Line 224. Deferred constant are allowed only in packages.
ERROR:HDLParsers:3312 - "C:/Users/superman/Documents/ecen427/SpaceInvaderTestHW2/pcores/pitimer_v1_00_a/hdl/vhdl/pitimer.vhd" Line 234. Undefined symbol 'IPIF_ARD_ADDR_RANGE_ARRAY'.
ERROR:HDLParsers:3312 - "C:/Users/superman/Documents/ecen427/SpaceInvaderTestHW2/pcores/pitimer_v1_00_a/hdl/vhdl/pitimer.vhd" Line 235. Undefined symbol 'calc_num_ce'.
ERROR:HDLParsers:1209 - "C:/Users/superman/Documents/ecen427/SpaceInvaderTestHW2/pcores/pitimer_v1_00_a/hdl/vhdl/pitimer.vhd" Line 235. calc_num_ce: Undefined symbol (last report in this block)
ERROR:HDLParsers:709 - "C:/Users/superman/Documents/ecen427/SpaceInvaderTestHW2/pcores/pitimer_v1_00_a/hdl/vhdl/pitimer.vhd" Line 259. axi_lite_ipif is not an entity name
ERROR:HDLParsers:1209 - "C:/Users/superman/Documents/ecen427/SpaceInvaderTestHW2/pcores/pitimer_v1_00_a/hdl/vhdl/pitimer.vhd" Line 267. IPIF_ARD_ADDR_RANGE_ARRAY: Undefined symbol (last report in this block)
ERROR:HDLParsers:3312 - "C:/Users/superman/Documents/ecen427/SpaceInvaderTestHW2/pcores/pitimer_v1_00_a/hdl/vhdl/pitimer.vhd" Line 297. Undefined symbol 'ipif_Bus2IP_CS'.
ERROR:HDLParsers:1209 - "C:/Users/superman/Documents/ecen427/SpaceInvaderTestHW2/pcores/pitimer_v1_00_a/hdl/vhdl/pitimer.vhd" Line 297. ipif_Bus2IP_CS: Undefined symbol (last report in this block)
ERROR:HDLParsers:3312 - "C:/Users/superman/Documents/ecen427/SpaceInvaderTestHW2/pcores/pitimer_v1_00_a/hdl/vhdl/pitimer.vhd" Line 298. Undefined symbol 'ipif_Bus2IP_RdCE'.
ERROR:HDLParsers:1209 - "C:/Users/superman/Documents/ecen427/SpaceInvaderTestHW2/pcores/pitimer_v1_00_a/hdl/vhdl/pitimer.vhd" Line 298. ipif_Bus2IP_RdCE: Undefined symbol (last report in this block)
ERROR:HDLParsers:3312 - "C:/Users/superman/Documents/ecen427/SpaceInvaderTestHW2/pcores/pitimer_v1_00_a/hdl/vhdl/pitimer.vhd" Line 299. Undefined symbol 'ipif_Bus2IP_WrCE'.
ERROR:HDLParsers:1209 - "C:/Users/superman/Documents/ecen427/SpaceInvaderTestHW2/pcores/pitimer_v1_00_a/hdl/vhdl/pitimer.vhd" Line 299. ipif_Bus2IP_WrCE: Undefined symbol (last report in this block)
ERROR:HDLParsers:709 - "C:/Users/superman/Documents/ecen427/SpaceInvaderTestHW2/pcores/pitimer_v1_00_a/hdl/vhdl/pitimer.vhd" Line 310. soft_reset is not an entity name
ERROR:HDLParsers:709 - "C:/Users/superman/Documents/ecen427/SpaceInvaderTestHW2/pcores/pitimer_v1_00_a/hdl/vhdl/pitimer.vhd" Line 332. user_logic is not an entity name
ERROR:HDLParsers:3312 - "C:/Users/superman/Documents/ecen427/SpaceInvaderTestHW2/pcores/pitimer_v1_00_a/hdl/vhdl/pitimer.vhd" Line 378. Undefined symbol 'ipif_Bus2IP_RdCE'.
ERROR:HDLParsers:1209 - "C:/Users/superman/Documents/ecen427/SpaceInvaderTestHW2/pcores/pitimer_v1_00_a/hdl/vhdl/pitimer.vhd" Line 378. ipif_Bus2IP_RdCE: Undefined symbol (last report in this block)
ERROR:HDLParsers:3312 - "C:/Users/superman/Documents/ecen427/SpaceInvaderTestHW2/pcores/pitimer_v1_00_a/hdl/vhdl/pitimer.vhd" Line 379. Undefined symbol 'ipif_Bus2IP_WrCE'.
ERROR:HDLParsers:1209 - "C:/Users/superman/Documents/ecen427/SpaceInvaderTestHW2/pcores/pitimer_v1_00_a/hdl/vhdl/pitimer.vhd" Line 379. ipif_Bus2IP_WrCE: Undefined symbol (last report in this block)
--> 

Total memory usage is 244928 kilobytes

Number of errors   :   34 (   0 filtered)
Number of warnings :    0 (   0 filtered)
Number of infos    :    0 (   0 filtered)

